This file contains any messages produced by compilers while
running configure, to aid debugging if configure makes a mistake.

It was created by configure, which was
generated by GNU Autoconf 2.69.  Invocation command line was

  $ ./configure --no-create --no-recursion

## --------- ##
## Platform. ##
## --------- ##

hostname = loongson
uname -m = mips64
uname -r = 3.10.84-debugfs-15.08.27.loongson3
uname -s = Linux
uname -v = #5 SMP PREEMPT Wed Dec 9 10:20:28 CST 2015

/usr/bin/uname -p = mips64
/bin/uname -X     = unknown

/bin/arch              = mips64
/usr/bin/arch -k       = unknown
/usr/convex/getsysinfo = unknown
/usr/bin/hostinfo      = unknown
/bin/machine           = unknown
/usr/bin/oslevel       = unknown
/bin/universe          = unknown

PATH: /usr/local/sbin
PATH: /usr/local/bin
PATH: /usr/sbin
PATH: /usr/bin
PATH: /root/bin


## ----------- ##
## Core tests. ##
## ----------- ##

configure:2919: checking for a BSD-compatible install
configure:2987: result: /usr/bin/install -c
configure:2998: checking whether build environment is sane
configure:3035: result: yes
configure:3047: checking whether make sets $(MAKE)
configure:3069: result: yes
configure:3099: checking for working aclocal-1.4
configure:3110: result: missing
configure:3114: checking for working autoconf
configure:3121: result: found
configure:3129: checking for working automake-1.4
configure:3140: result: missing
configure:3144: checking for working autoheader
configure:3151: result: found
configure:3159: checking for working makeinfo
configure:3170: result: missing
configure:3229: checking for gcc
configure:3245: found /usr/bin/gcc
configure:3256: result: gcc
configure:3485: checking for C compiler version
configure:3494: gcc --version >&5
gcc (GCC) 4.9.2 20141101 (Red Hat 4.9.2-2)
Copyright (C) 2014 Free Software Foundation, Inc.
This is free software; see the source for copying conditions.  There is NO
warranty; not even for MERCHANTABILITY or FITNESS FOR A PARTICULAR PURPOSE.

configure:3505: $? = 0
configure:3494: gcc -v >&5
Using built-in specs.
COLLECT_GCC=gcc
COLLECT_LTO_WRAPPER=/usr/libexec/gcc/mips64el-redhat-linux/4.9.2/lto-wrapper
Target: mips64el-redhat-linux
Configured with: ../configure --prefix=/usr --mandir=/usr/share/man --infodir=/usr/share/info --with-bugurl=http://bugzilla.redhat.com/bugzilla --enable-bootstrap --enable-shared --enable-threads=posix --enable-checking=release --enable-multilib --with-system-zlib --enable-__cxa_atexit --disable-libunwind-exceptions --enable-gnu-unique-object --enable-linker-build-id --enable-languages=c,c++,objc,obj-c++,fortran,go,lto --enable-plugin --enable-initfini-array --disable-libgcj --with-isl=/root/rpmbuild/BUILD/gcc-4.9.2-20141101/obj-mips64el-redhat-linux/isl-install --with-cloog=/root/rpmbuild/BUILD/gcc-4.9.2-20141101/obj-mips64el-redhat-linux/cloog-install --enable-gnu-indirect-function --with-long-double-128 --build=mips64el-redhat-linux
Thread model: posix
gcc version 4.9.2 20141101 (Red Hat 4.9.2-2) (GCC) 
configure:3505: $? = 0
configure:3494: gcc -V >&5
gcc: error: unrecognized command line option '-V'
gcc: fatal error: no input files
compilation terminated.
configure:3505: $? = 4
configure:3494: gcc -qversion >&5
gcc: error: unrecognized command line option '-qversion'
gcc: fatal error: no input files
compilation terminated.
configure:3505: $? = 4
configure:3525: checking whether the C compiler works
configure:3547: gcc    conftest.c  >&5
configure:3551: $? = 0
configure:3599: result: yes
configure:3602: checking for C compiler default output file name
configure:3604: result: a.out
configure:3610: checking for suffix of executables
configure:3617: gcc -o conftest    conftest.c  >&5
configure:3621: $? = 0
configure:3643: result: 
configure:3665: checking whether we are cross compiling
configure:3673: gcc -o conftest    conftest.c  >&5
configure:3677: $? = 0
configure:3684: ./conftest
configure:3688: $? = 0
configure:3703: result: no
configure:3708: checking for suffix of object files
configure:3730: gcc -c   conftest.c >&5
configure:3734: $? = 0
configure:3755: result: o
configure:3759: checking whether we are using the GNU C compiler
configure:3778: gcc -c   conftest.c >&5
configure:3778: $? = 0
configure:3787: result: yes
configure:3796: checking whether gcc accepts -g
configure:3816: gcc -c -g  conftest.c >&5
configure:3816: $? = 0
configure:3857: result: yes
configure:3874: checking for gcc option to accept ISO C89
configure:3937: gcc  -c -g -O2  conftest.c >&5
configure:3937: $? = 0
configure:3950: result: none needed
configure:3972: checking for strerror in -lcposix
configure:3997: gcc -o conftest -g -O2   conftest.c -lcposix   >&5
/usr/bin/ld-real: cannot find -lcposix
collect2: error: ld returned 1 exit status
configure:3997: $? = 1
configure: failed program was:
| /* confdefs.h */
| #define PACKAGE_NAME ""
| #define PACKAGE_TARNAME ""
| #define PACKAGE_VERSION ""
| #define PACKAGE_STRING ""
| #define PACKAGE_BUGREPORT ""
| #define PACKAGE_URL ""
| #define PACKAGE "gtkperf"
| #define VERSION "0.40"
| /* end confdefs.h.  */
| 
| /* Override any GCC internal prototype to avoid an error.
|    Use char because int might match the return type of a GCC
|    builtin and then its argument prototype would still apply.  */
| #ifdef __cplusplus
| extern "C"
| #endif
| char strerror ();
| int
| main ()
| {
| return strerror ();
|   ;
|   return 0;
| }
configure:4006: result: no
configure:4064: checking for gcc
configure:4091: result: gcc
configure:4320: checking for C compiler version
configure:4329: gcc --version >&5
gcc (GCC) 4.9.2 20141101 (Red Hat 4.9.2-2)
Copyright (C) 2014 Free Software Foundation, Inc.
This is free software; see the source for copying conditions.  There is NO
warranty; not even for MERCHANTABILITY or FITNESS FOR A PARTICULAR PURPOSE.

configure:4340: $? = 0
configure:4329: gcc -v >&5
Using built-in specs.
COLLECT_GCC=gcc
COLLECT_LTO_WRAPPER=/usr/libexec/gcc/mips64el-redhat-linux/4.9.2/lto-wrapper
Target: mips64el-redhat-linux
Configured with: ../configure --prefix=/usr --mandir=/usr/share/man --infodir=/usr/share/info --with-bugurl=http://bugzilla.redhat.com/bugzilla --enable-bootstrap --enable-shared --enable-threads=posix --enable-checking=release --enable-multilib --with-system-zlib --enable-__cxa_atexit --disable-libunwind-exceptions --enable-gnu-unique-object --enable-linker-build-id --enable-languages=c,c++,objc,obj-c++,fortran,go,lto --enable-plugin --enable-initfini-array --disable-libgcj --with-isl=/root/rpmbuild/BUILD/gcc-4.9.2-20141101/obj-mips64el-redhat-linux/isl-install --with-cloog=/root/rpmbuild/BUILD/gcc-4.9.2-20141101/obj-mips64el-redhat-linux/cloog-install --enable-gnu-indirect-function --with-long-double-128 --build=mips64el-redhat-linux
Thread model: posix
gcc version 4.9.2 20141101 (Red Hat 4.9.2-2) (GCC) 
configure:4340: $? = 0
configure:4329: gcc -V >&5
gcc: error: unrecognized command line option '-V'
gcc: fatal error: no input files
compilation terminated.
configure:4340: $? = 4
configure:4329: gcc -qversion >&5
gcc: error: unrecognized command line option '-qversion'
gcc: fatal error: no input files
compilation terminated.
configure:4340: $? = 4
configure:4344: checking whether we are using the GNU C compiler
configure:4372: result: yes
configure:4381: checking whether gcc accepts -g
configure:4442: result: yes
configure:4459: checking for gcc option to accept ISO C89
configure:4535: result: none needed
configure:4558: checking for gcc option to accept ANSI C
configure:4615: gcc  -c   conftest.c >&5
configure:4615: $? = 0
configure:4625: result: none needed
configure:4641: checking how to run the C preprocessor
configure:4672: gcc -E  conftest.c
configure:4672: $? = 0
configure:4686: gcc -E  conftest.c
conftest.c:11:28: fatal error: ac_nonexistent.h: No such file or directory
 #include <ac_nonexistent.h>
                            ^
compilation terminated.
configure:4686: $? = 1
configure: failed program was:
| /* confdefs.h */
| #define PACKAGE_NAME ""
| #define PACKAGE_TARNAME ""
| #define PACKAGE_VERSION ""
| #define PACKAGE_STRING ""
| #define PACKAGE_BUGREPORT ""
| #define PACKAGE_URL ""
| #define PACKAGE "gtkperf"
| #define VERSION "0.40"
| /* end confdefs.h.  */
| #include <ac_nonexistent.h>
configure:4711: result: gcc -E
configure:4731: gcc -E  conftest.c
configure:4731: $? = 0
configure:4745: gcc -E  conftest.c
conftest.c:11:28: fatal error: ac_nonexistent.h: No such file or directory
 #include <ac_nonexistent.h>
                            ^
compilation terminated.
configure:4745: $? = 1
configure: failed program was:
| /* confdefs.h */
| #define PACKAGE_NAME ""
| #define PACKAGE_TARNAME ""
| #define PACKAGE_VERSION ""
| #define PACKAGE_STRING ""
| #define PACKAGE_BUGREPORT ""
| #define PACKAGE_URL ""
| #define PACKAGE "gtkperf"
| #define VERSION "0.40"
| /* end confdefs.h.  */
| #include <ac_nonexistent.h>
configure:4774: checking for grep that handles long lines and -e
configure:4832: result: /usr/bin/grep
configure:4837: checking for egrep
configure:4899: result: /usr/bin/grep -E
configure:4904: checking for ANSI C header files
configure:4924: gcc -c   conftest.c >&5
configure:4924: $? = 0
configure:4997: gcc -o conftest    conftest.c  >&5
configure:4997: $? = 0
configure:4997: ./conftest
configure:4997: $? = 0
configure:5008: result: yes
configure:5092: checking build system type
configure:5106: result: mips64el-unknown-linux-gnu
configure:5126: checking host system type
configure:5139: result: mips64el-unknown-linux-gnu
configure:5159: checking for a sed that does not truncate output
configure:5213: result: /usr/bin/sed
configure:5227: checking for ld used by gcc
configure:5294: result: /usr/bin/ld
configure:5301: checking if the linker (/usr/bin/ld) is GNU ld
configure:5316: result: yes
configure:5321: checking for /usr/bin/ld option to reload object files
configure:5328: result: -r
configure:5337: checking for BSD-compatible nm
configure:5379: result: /usr/bin/nm -B
configure:5383: checking whether ln -s works
configure:5387: result: yes
configure:5394: checking how to recognise dependent libraries
configure:5568: result: pass_all
configure:5753: checking for sys/types.h
configure:5753: gcc -c   conftest.c >&5
configure:5753: $? = 0
configure:5753: result: yes
configure:5753: checking for sys/stat.h
configure:5753: gcc -c   conftest.c >&5
configure:5753: $? = 0
configure:5753: result: yes
configure:5753: checking for stdlib.h
configure:5753: gcc -c   conftest.c >&5
configure:5753: $? = 0
configure:5753: result: yes
configure:5753: checking for string.h
configure:5753: gcc -c   conftest.c >&5
configure:5753: $? = 0
configure:5753: result: yes
configure:5753: checking for memory.h
configure:5753: gcc -c   conftest.c >&5
configure:5753: $? = 0
configure:5753: result: yes
configure:5753: checking for strings.h
configure:5753: gcc -c   conftest.c >&5
configure:5753: $? = 0
configure:5753: result: yes
configure:5753: checking for inttypes.h
configure:5753: gcc -c   conftest.c >&5
configure:5753: $? = 0
configure:5753: result: yes
configure:5753: checking for stdint.h
configure:5753: gcc -c   conftest.c >&5
configure:5753: $? = 0
configure:5753: result: yes
configure:5753: checking for unistd.h
configure:5753: gcc -c   conftest.c >&5
configure:5753: $? = 0
configure:5753: result: yes
configure:5767: checking dlfcn.h usability
configure:5767: gcc -c   conftest.c >&5
configure:5767: $? = 0
configure:5767: result: yes
configure:5767: checking dlfcn.h presence
configure:5767: gcc -E  conftest.c
configure:5767: $? = 0
configure:5767: result: yes
configure:5767: checking for dlfcn.h
configure:5767: result: yes
configure:5835: checking for g++
configure:5851: found /usr/bin/g++
configure:5862: result: g++
configure:5889: checking for C++ compiler version
configure:5898: g++ --version >&5
g++ (GCC) 4.9.2 20141101 (Red Hat 4.9.2-2)
Copyright (C) 2014 Free Software Foundation, Inc.
This is free software; see the source for copying conditions.  There is NO
warranty; not even for MERCHANTABILITY or FITNESS FOR A PARTICULAR PURPOSE.

configure:5909: $? = 0
configure:5898: g++ -v >&5
Using built-in specs.
COLLECT_GCC=g++
COLLECT_LTO_WRAPPER=/usr/libexec/gcc/mips64el-redhat-linux/4.9.2/lto-wrapper
Target: mips64el-redhat-linux
Configured with: ../configure --prefix=/usr --mandir=/usr/share/man --infodir=/usr/share/info --with-bugurl=http://bugzilla.redhat.com/bugzilla --enable-bootstrap --enable-shared --enable-threads=posix --enable-checking=release --enable-multilib --with-system-zlib --enable-__cxa_atexit --disable-libunwind-exceptions --enable-gnu-unique-object --enable-linker-build-id --enable-languages=c,c++,objc,obj-c++,fortran,go,lto --enable-plugin --enable-initfini-array --disable-libgcj --with-isl=/root/rpmbuild/BUILD/gcc-4.9.2-20141101/obj-mips64el-redhat-linux/isl-install --with-cloog=/root/rpmbuild/BUILD/gcc-4.9.2-20141101/obj-mips64el-redhat-linux/cloog-install --enable-gnu-indirect-function --with-long-double-128 --build=mips64el-redhat-linux
Thread model: posix
gcc version 4.9.2 20141101 (Red Hat 4.9.2-2) (GCC) 
configure:5909: $? = 0
configure:5898: g++ -V >&5
g++: error: unrecognized command line option '-V'
g++: fatal error: no input files
compilation terminated.
configure:5909: $? = 4
configure:5898: g++ -qversion >&5
g++: error: unrecognized command line option '-qversion'
g++: fatal error: no input files
compilation terminated.
configure:5909: $? = 4
configure:5913: checking whether we are using the GNU C++ compiler
configure:5932: g++ -c   conftest.cpp >&5
configure:5932: $? = 0
configure:5941: result: yes
configure:5950: checking whether g++ accepts -g
configure:5970: g++ -c -g  conftest.cpp >&5
configure:5970: $? = 0
configure:6011: result: yes
configure:6039: checking how to run the C++ preprocessor
configure:6066: g++ -E  conftest.cpp
configure:6066: $? = 0
configure:6080: g++ -E  conftest.cpp
conftest.cpp:22:28: fatal error: ac_nonexistent.h: No such file or directory
 #include <ac_nonexistent.h>
                            ^
compilation terminated.
configure:6080: $? = 1
configure: failed program was:
| /* confdefs.h */
| #define PACKAGE_NAME ""
| #define PACKAGE_TARNAME ""
| #define PACKAGE_VERSION ""
| #define PACKAGE_STRING ""
| #define PACKAGE_BUGREPORT ""
| #define PACKAGE_URL ""
| #define PACKAGE "gtkperf"
| #define VERSION "0.40"
| #define STDC_HEADERS 1
| #define HAVE_SYS_TYPES_H 1
| #define HAVE_SYS_STAT_H 1
| #define HAVE_STDLIB_H 1
| #define HAVE_STRING_H 1
| #define HAVE_MEMORY_H 1
| #define HAVE_STRINGS_H 1
| #define HAVE_INTTYPES_H 1
| #define HAVE_STDINT_H 1
| #define HAVE_UNISTD_H 1
| #define HAVE_DLFCN_H 1
| /* end confdefs.h.  */
| #include <ac_nonexistent.h>
configure:6105: result: g++ -E
configure:6125: g++ -E  conftest.cpp
configure:6125: $? = 0
configure:6139: g++ -E  conftest.cpp
conftest.cpp:22:28: fatal error: ac_nonexistent.h: No such file or directory
 #include <ac_nonexistent.h>
                            ^
compilation terminated.
configure:6139: $? = 1
configure: failed program was:
| /* confdefs.h */
| #define PACKAGE_NAME ""
| #define PACKAGE_TARNAME ""
| #define PACKAGE_VERSION ""
| #define PACKAGE_STRING ""
| #define PACKAGE_BUGREPORT ""
| #define PACKAGE_URL ""
| #define PACKAGE "gtkperf"
| #define VERSION "0.40"
| #define STDC_HEADERS 1
| #define HAVE_SYS_TYPES_H 1
| #define HAVE_SYS_STAT_H 1
| #define HAVE_STDLIB_H 1
| #define HAVE_STRING_H 1
| #define HAVE_MEMORY_H 1
| #define HAVE_STRINGS_H 1
| #define HAVE_INTTYPES_H 1
| #define HAVE_STDINT_H 1
| #define HAVE_UNISTD_H 1
| #define HAVE_DLFCN_H 1
| /* end confdefs.h.  */
| #include <ac_nonexistent.h>
configure:6221: checking for g77
configure:6251: result: no
configure:6221: checking for xlf
configure:6251: result: no
configure:6221: checking for f77
configure:6251: result: no
configure:6221: checking for frt
configure:6251: result: no
configure:6221: checking for pgf77
configure:6251: result: no
configure:6221: checking for cf77
configure:6251: result: no
configure:6221: checking for fort77
configure:6251: result: no
configure:6221: checking for fl32
configure:6251: result: no
configure:6221: checking for af77
configure:6251: result: no
configure:6221: checking for xlf90
configure:6251: result: no
configure:6221: checking for f90
configure:6251: result: no
configure:6221: checking for pgf90
configure:6251: result: no
configure:6221: checking for pghpf
configure:6251: result: no
configure:6221: checking for epcf90
configure:6251: result: no
configure:6221: checking for gfortran
configure:6251: result: no
configure:6221: checking for g95
configure:6251: result: no
configure:6221: checking for xlf95
configure:6251: result: no
configure:6221: checking for f95
configure:6251: result: no
configure:6221: checking for fort
configure:6251: result: no
configure:6221: checking for ifort
configure:6251: result: no
configure:6221: checking for ifc
configure:6251: result: no
configure:6221: checking for efc
configure:6251: result: no
configure:6221: checking for pgfortran
configure:6251: result: no
configure:6221: checking for pgf95
configure:6251: result: no
configure:6221: checking for lf95
configure:6251: result: no
configure:6221: checking for ftn
configure:6251: result: no
configure:6221: checking for nagfor
configure:6251: result: no
configure:6274: checking for Fortran 77 compiler version
configure:6283:  --version >&5
./configure: line 6285: --version: command not found
configure:6294: $? = 127
configure:6283:  -v >&5
./configure: line 6285: -v: command not found
configure:6294: $? = 127
configure:6283:  -V >&5
./configure: line 6285: -V: command not found
configure:6294: $? = 127
configure:6283:  -qversion >&5
./configure: line 6285: -qversion: command not found
configure:6294: $? = 127
configure:6303: checking whether we are using the GNU Fortran 77 compiler
configure:6316:  -c  conftest.F >&5
./configure: line 2214: -c: command not found
configure:6316: $? = 127
configure: failed program was:
|       program main
| #ifndef __GNUC__
|        choke me
| #endif
| 
|       end
configure:6325: result: no
configure:6331: checking whether  accepts -g
configure:6342:  -c -g conftest.f >&5
./configure: line 2214: -c: command not found
configure:6342: $? = 127
configure: failed program was:
|       program main
| 
|       end
configure:6350: result: no
configure:6384: checking the maximum length of command line arguments
configure:6449: result: 131072
configure:6460: checking command to parse /usr/bin/nm -B output from gcc object
configure:6549: gcc -c   conftest.c >&5
configure:6552: $? = 0
configure:6556: /usr/bin/nm -B conftest.o \| sed -n -e 's/^.*[ 	]\([ABCDGIRSTW][ABCDGIRSTW]*\)[ 	][ 	]*\(\)\([_A-Za-z][_A-Za-z0-9]*\)$/\1 \2\3 \3/p' \> conftest.nm
configure:6559: $? = 0
configure:6611: gcc -o conftest    conftest.c conftstm.o >&5
configure:6614: $? = 0
configure:6652: result: ok
configure:6656: checking for objdir
configure:6671: result: .libs
configure:6763: checking for ar
configure:6779: found /usr/bin/ar
configure:6790: result: ar
configure:6855: checking for ranlib
configure:6871: found /usr/bin/ranlib
configure:6882: result: ranlib
configure:6947: checking for strip
configure:6963: found /usr/bin/strip
configure:6974: result: strip
configure:7246: checking if gcc static flag  works
configure:7269: result: yes
configure:7287: checking if gcc supports -fno-rtti -fno-exceptions
configure:7305: gcc -c   -fno-rtti -fno-exceptions conftest.c >&5
cc1: warning: command line option '-fno-rtti' is valid for C++/ObjC++ but not for C
configure:7309: $? = 0
configure:7320: result: no
configure:7335: checking for gcc option to produce PIC
configure:7512: result: -fPIC
configure:7520: checking if gcc PIC flag -fPIC works
configure:7538: gcc -c   -fPIC -DPIC conftest.c >&5
configure:7542: $? = 0
configure:7553: result: yes
configure:7577: checking if gcc supports -c -o file.o
configure:7598: gcc -c   -o out/conftest2.o conftest.c >&5
configure:7602: $? = 0
configure:7622: result: yes
configure:7648: checking whether the gcc linker (/usr/bin/ld) supports shared libraries
configure:8439: result: yes
configure:8465: checking whether -lc should be explicitly linked in
configure:8470: gcc -c   conftest.c >&5
configure:8473: $? = 0
configure:8487: gcc -shared conftest.o  -v -Wl,-soname -Wl,conftest -o conftest 2\>\&1 \| grep  -lc  \>/dev/null 2\>\&1
configure:8490: $? = 0
configure:8502: result: no
configure:8510: checking dynamic linker characteristics
configure:9062: result: GNU/Linux ld.so
configure:9066: checking how to hardcode library paths into programs
configure:9091: result: immediate
configure:9105: checking whether stripping libraries is possible
configure:9110: result: yes
configure:9622: checking if libtool supports shared libraries
configure:9624: result: yes
configure:9627: checking whether to build shared libraries
configure:9685: result: yes
configure:9688: checking whether to build static libraries
configure:9692: result: yes
configure:9784: creating libtool
configure:10327: checking for ld used by g++
configure:10394: result: /usr/bin/ld
configure:10401: checking if the linker (/usr/bin/ld) is GNU ld
configure:10416: result: yes
configure:10467: checking whether the g++ linker (/usr/bin/ld) supports shared libraries
configure:11237: result: yes
configure:11255: g++ -c -g -O2  conftest.cc >&5
configure:11258: $? = 0
configure:11354: checking for g++ option to produce PIC
configure:11606: result: -fPIC
configure:11614: checking if g++ PIC flag -fPIC works
configure:11632: g++ -c -g -O2  -fPIC -DPIC conftest.cc >&5
configure:11636: $? = 0
configure:11647: result: yes
configure:11671: checking if g++ supports -c -o file.o
configure:11692: g++ -c -g -O2  -o out/conftest2.o conftest.cc >&5
configure:11696: $? = 0
configure:11716: result: yes
configure:11742: checking whether the g++ linker (/usr/bin/ld) supports shared libraries
configure:11770: result: yes
configure:11841: checking dynamic linker characteristics
configure:12393: result: GNU/Linux ld.so
configure:12397: checking how to hardcode library paths into programs
configure:12422: result: immediate
configure:12436: checking whether stripping libraries is possible
configure:12441: result: yes
configure:18959: checking for pkg-config
configure:18977: found /usr/bin/pkg-config
configure:18990: result: /usr/bin/pkg-config
configure:19008: checking for gtk+-3.0 gdk-3.0 
configure:19012: result: yes
configure:19016: checking GTK_CFLAGS
configure:19019: result: -pthread -I/usr/include/gtk-3.0 -I/usr/include/at-spi2-atk/2.0 -I/usr/include/at-spi-2.0 -I/usr/include/dbus-1.0 -I/usr/lib64/dbus-1.0/include -I/usr/include/atk-1.0 -I/usr/include/gtk-3.0 -I/usr/include/gio-unix-2.0/ -I/usr/include/cairo -I/usr/include/pango-1.0 -I/usr/include/harfbuzz -I/usr/include/pango-1.0 -I/usr/include/gdk-pixbuf-2.0 -I/usr/include/libpng16 -I/usr/include/cairo -I/usr/include/pixman-1 -I/usr/include/freetype2 -I/usr/include/libpng16 -I/usr/include/freetype2 -I/usr/include/libdrm -I/usr/include/libpng16 -I/usr/include/glib-2.0 -I/usr/lib64/glib-2.0/include 
configure:19022: checking GTK_LIBS
configure:19025: result: -lgtk-3 -latk-1.0 -lgio-2.0 -lgdk-3 -lpangocairo-1.0 -lpango-1.0 -lgdk_pixbuf-2.0 -lcairo-gobject -lcairo -lgobject-2.0 -lglib-2.0 
configure:19076: checking whether NLS is requested
configure:19085: result: yes
configure:19123: checking for msgfmt
configure:19154: result: /usr/bin/msgfmt
configure:19163: checking for gmsgfmt
configure:19194: result: /usr/bin/msgfmt
configure:19234: checking for xgettext
configure:19265: result: /usr/bin/xgettext
configure:19305: checking for msgmerge
configure:19335: result: /usr/bin/msgmerge
configure:19413: checking for ranlib
configure:19440: result: ranlib
configure:19462: checking for an ANSI C-conforming const
configure:19528: gcc -c   conftest.c >&5
configure:19528: $? = 0
configure:19535: result: yes
configure:19544: checking for signed
configure:19560: gcc -c   conftest.c >&5
configure:19560: $? = 0
configure:19567: result: yes
configure:19575: checking for inline
configure:19591: gcc -c   conftest.c >&5
configure:19591: $? = 0
configure:19599: result: inline
configure:19617: checking for off_t
configure:19617: gcc -c   conftest.c >&5
configure:19617: $? = 0
configure:19617: gcc -c   conftest.c >&5
conftest.c: In function 'main':
conftest.c:59:20: error: expected expression before ')' token
 if (sizeof ((off_t)))
                    ^
configure:19617: $? = 1
configure: failed program was:
| /* confdefs.h */
| #define PACKAGE_NAME ""
| #define PACKAGE_TARNAME ""
| #define PACKAGE_VERSION ""
| #define PACKAGE_STRING ""
| #define PACKAGE_BUGREPORT ""
| #define PACKAGE_URL ""
| #define PACKAGE "gtkperf"
| #define VERSION "0.40"
| #define STDC_HEADERS 1
| #define HAVE_SYS_TYPES_H 1
| #define HAVE_SYS_STAT_H 1
| #define HAVE_STDLIB_H 1
| #define HAVE_STRING_H 1
| #define HAVE_MEMORY_H 1
| #define HAVE_STRINGS_H 1
| #define HAVE_INTTYPES_H 1
| #define HAVE_STDINT_H 1
| #define HAVE_UNISTD_H 1
| #define HAVE_DLFCN_H 1
| #define GETTEXT_PACKAGE "gtkperf"
| /* end confdefs.h.  */
| #include <stdio.h>
| #ifdef HAVE_SYS_TYPES_H
| # include <sys/types.h>
| #endif
| #ifdef HAVE_SYS_STAT_H
| # include <sys/stat.h>
| #endif
| #ifdef STDC_HEADERS
| # include <stdlib.h>
| # include <stddef.h>
| #else
| # ifdef HAVE_STDLIB_H
| #  include <stdlib.h>
| # endif
| #endif
| #ifdef HAVE_STRING_H
| # if !defined STDC_HEADERS && defined HAVE_MEMORY_H
| #  include <memory.h>
| # endif
| # include <string.h>
| #endif
| #ifdef HAVE_STRINGS_H
| # include <strings.h>
| #endif
| #ifdef HAVE_INTTYPES_H
| # include <inttypes.h>
| #endif
| #ifdef HAVE_STDINT_H
| # include <stdint.h>
| #endif
| #ifdef HAVE_UNISTD_H
| # include <unistd.h>
| #endif
| int
| main ()
| {
| if (sizeof ((off_t)))
| 	    return 0;
|   ;
|   return 0;
| }
configure:19617: result: yes
configure:19628: checking for size_t
configure:19628: gcc -c   conftest.c >&5
configure:19628: $? = 0
configure:19628: gcc -c   conftest.c >&5
conftest.c: In function 'main':
conftest.c:59:21: error: expected expression before ')' token
 if (sizeof ((size_t)))
                     ^
configure:19628: $? = 1
configure: failed program was:
| /* confdefs.h */
| #define PACKAGE_NAME ""
| #define PACKAGE_TARNAME ""
| #define PACKAGE_VERSION ""
| #define PACKAGE_STRING ""
| #define PACKAGE_BUGREPORT ""
| #define PACKAGE_URL ""
| #define PACKAGE "gtkperf"
| #define VERSION "0.40"
| #define STDC_HEADERS 1
| #define HAVE_SYS_TYPES_H 1
| #define HAVE_SYS_STAT_H 1
| #define HAVE_STDLIB_H 1
| #define HAVE_STRING_H 1
| #define HAVE_MEMORY_H 1
| #define HAVE_STRINGS_H 1
| #define HAVE_INTTYPES_H 1
| #define HAVE_STDINT_H 1
| #define HAVE_UNISTD_H 1
| #define HAVE_DLFCN_H 1
| #define GETTEXT_PACKAGE "gtkperf"
| /* end confdefs.h.  */
| #include <stdio.h>
| #ifdef HAVE_SYS_TYPES_H
| # include <sys/types.h>
| #endif
| #ifdef HAVE_SYS_STAT_H
| # include <sys/stat.h>
| #endif
| #ifdef STDC_HEADERS
| # include <stdlib.h>
| # include <stddef.h>
| #else
| # ifdef HAVE_STDLIB_H
| #  include <stdlib.h>
| # endif
| #endif
| #ifdef HAVE_STRING_H
| # if !defined STDC_HEADERS && defined HAVE_MEMORY_H
| #  include <memory.h>
| # endif
| # include <string.h>
| #endif
| #ifdef HAVE_STRINGS_H
| # include <strings.h>
| #endif
| #ifdef HAVE_INTTYPES_H
| # include <inttypes.h>
| #endif
| #ifdef HAVE_STDINT_H
| # include <stdint.h>
| #endif
| #ifdef HAVE_UNISTD_H
| # include <unistd.h>
| #endif
| int
| main ()
| {
| if (sizeof ((size_t)))
| 	    return 0;
|   ;
|   return 0;
| }
configure:19628: result: yes
configure:19640: checking for long long
configure:19657: gcc -o conftest    conftest.c  >&5
configure:19657: $? = 0
configure:19665: result: yes
configure:19674: checking for long double
configure:19706: result: yes
configure:19715: checking for wchar_t
configure:19732: gcc -c   conftest.c >&5
configure:19732: $? = 0
configure:19739: result: yes
configure:19748: checking for wint_t
configure:19765: gcc -c   conftest.c >&5
configure:19765: $? = 0
configure:19772: result: yes
configure:19781: checking for inttypes.h
configure:19798: gcc -c   conftest.c >&5
configure:19798: $? = 0
configure:19805: result: yes
configure:19816: checking for stdint.h
configure:19833: gcc -c   conftest.c >&5
configure:19833: $? = 0
configure:19840: result: yes
configure:19853: checking for intmax_t
configure:19878: gcc -c   conftest.c >&5
configure:19878: $? = 0
configure:19885: result: yes
configure:19895: checking whether printf() supports POSIX/XSI format strings
configure:19936: gcc -o conftest    conftest.c  >&5
configure:19936: $? = 0
configure:19936: ./conftest
configure:19936: $? = 0
configure:19947: result: yes
configure:19959: checking for working alloca.h
configure:19976: gcc -o conftest    conftest.c  >&5
configure:19976: $? = 0
configure:19984: result: yes
configure:19992: checking for alloca
configure:20029: gcc -o conftest    conftest.c  >&5
configure:20029: $? = 0
configure:20037: result: yes
configure:20149: checking for stdlib.h
configure:20149: result: yes
configure:20149: checking for unistd.h
configure:20149: result: yes
configure:20149: checking for sys/param.h
configure:20149: gcc -c   conftest.c >&5
configure:20149: $? = 0
configure:20149: result: yes
configure:20169: checking for getpagesize
configure:20169: gcc -o conftest    conftest.c  >&5
configure:20169: $? = 0
configure:20169: result: yes
configure:20178: checking for working mmap
configure:20325: gcc -o conftest    conftest.c  >&5
configure:20325: $? = 0
configure:20325: ./conftest
configure:20325: $? = 0
configure:20335: result: yes
configure:20345: checking whether we are using the GNU C Library 2.1 or newer
configure:20372: result: yes
configure:20380: checking whether integer division by zero raises SIGFPE
configure:20437: gcc -o conftest    conftest.c  >&5
conftest.c:56:5: warning: built-in function 'nan' declared as non-function
 int nan;
     ^
configure:20437: $? = 0
configure:20437: ./conftest
configure:20437: $? = 0
configure:20448: result: yes
configure:20461: checking for unsigned long long
configure:20478: gcc -o conftest    conftest.c  >&5
configure:20478: $? = 0
configure:20486: result: yes
configure:20514: checking for inttypes.h
configure:20532: gcc -c   conftest.c >&5
configure:20532: $? = 0
configure:20540: result: yes
configure:20553: checking whether the inttypes.h PRIxNN macros are broken
configure:20574: gcc -c   conftest.c >&5
configure:20574: $? = 0
configure:20582: result: no
configure:20596: checking for stdint.h
configure:20596: result: yes
configure:20606: checking for SIZE_MAX
configure:20679: result: yes
configure:20693: checking for stdint.h
configure:20693: result: yes
configure:20744: checking for ld used by GCC
configure:20808: result: /usr/bin/ld
configure:20815: checking if the linker (/usr/bin/ld) is GNU ld
configure:20828: result: yes
configure:20834: checking for shared library run path origin
configure:20847: result: done
configure:21253: checking for ptrdiff_t
configure:21253: gcc -c   conftest.c >&5
configure:21253: $? = 0
configure:21253: gcc -c   conftest.c >&5
conftest.c: In function 'main':
conftest.c:80:24: error: expected expression before ')' token
 if (sizeof ((ptrdiff_t)))
                        ^
configure:21253: $? = 1
configure: failed program was:
| /* confdefs.h */
| #define PACKAGE_NAME ""
| #define PACKAGE_TARNAME ""
| #define PACKAGE_VERSION ""
| #define PACKAGE_STRING ""
| #define PACKAGE_BUGREPORT ""
| #define PACKAGE_URL ""
| #define PACKAGE "gtkperf"
| #define VERSION "0.40"
| #define STDC_HEADERS 1
| #define HAVE_SYS_TYPES_H 1
| #define HAVE_SYS_STAT_H 1
| #define HAVE_STDLIB_H 1
| #define HAVE_STRING_H 1
| #define HAVE_MEMORY_H 1
| #define HAVE_STRINGS_H 1
| #define HAVE_INTTYPES_H 1
| #define HAVE_STDINT_H 1
| #define HAVE_UNISTD_H 1
| #define HAVE_DLFCN_H 1
| #define GETTEXT_PACKAGE "gtkperf"
| #define HAVE_LONG_LONG 1
| #define HAVE_LONG_DOUBLE 1
| #define HAVE_WCHAR_T 1
| #define HAVE_WINT_T 1
| #define HAVE_INTTYPES_H_WITH_UINTMAX 1
| #define HAVE_STDINT_H_WITH_UINTMAX 1
| #define HAVE_INTMAX_T 1
| #define HAVE_POSIX_PRINTF 1
| #define HAVE_ALLOCA_H 1
| #define HAVE_ALLOCA 1
| #define HAVE_STDLIB_H 1
| #define HAVE_UNISTD_H 1
| #define HAVE_SYS_PARAM_H 1
| #define HAVE_GETPAGESIZE 1
| #define HAVE_MMAP 1
| #define INTDIV0_RAISES_SIGFPE 1
| #define HAVE_UNSIGNED_LONG_LONG 1
| #define HAVE_UINTMAX_T 1
| #define HAVE_INTTYPES_H 1
| #define HAVE_STDINT_H 1
| #define HAVE_STDINT_H 1
| /* end confdefs.h.  */
| #include <stdio.h>
| #ifdef HAVE_SYS_TYPES_H
| # include <sys/types.h>
| #endif
| #ifdef HAVE_SYS_STAT_H
| # include <sys/stat.h>
| #endif
| #ifdef STDC_HEADERS
| # include <stdlib.h>
| # include <stddef.h>
| #else
| # ifdef HAVE_STDLIB_H
| #  include <stdlib.h>
| # endif
| #endif
| #ifdef HAVE_STRING_H
| # if !defined STDC_HEADERS && defined HAVE_MEMORY_H
| #  include <memory.h>
| # endif
| # include <string.h>
| #endif
| #ifdef HAVE_STRINGS_H
| # include <strings.h>
| #endif
| #ifdef HAVE_INTTYPES_H
| # include <inttypes.h>
| #endif
| #ifdef HAVE_STDINT_H
| # include <stdint.h>
| #endif
| #ifdef HAVE_UNISTD_H
| # include <unistd.h>
| #endif
| int
| main ()
| {
| if (sizeof ((ptrdiff_t)))
| 	    return 0;
|   ;
|   return 0;
| }
configure:21253: result: yes
configure:21267: checking argz.h usability
configure:21267: gcc -c   conftest.c >&5
configure:21267: $? = 0
configure:21267: result: yes
configure:21267: checking argz.h presence
configure:21267: gcc -E  conftest.c
configure:21267: $? = 0
configure:21267: result: yes
configure:21267: checking for argz.h
configure:21267: result: yes
configure:21267: checking limits.h usability
configure:21267: gcc -c   conftest.c >&5
configure:21267: $? = 0
configure:21267: result: yes
configure:21267: checking limits.h presence
configure:21267: gcc -E  conftest.c
configure:21267: $? = 0
configure:21267: result: yes
configure:21267: checking for limits.h
configure:21267: result: yes
configure:21267: checking locale.h usability
configure:21267: gcc -c   conftest.c >&5
configure:21267: $? = 0
configure:21267: result: yes
configure:21267: checking locale.h presence
configure:21267: gcc -E  conftest.c
configure:21267: $? = 0
configure:21267: result: yes
configure:21267: checking for locale.h
configure:21267: result: yes
configure:21267: checking nl_types.h usability
configure:21267: gcc -c   conftest.c >&5
configure:21267: $? = 0
configure:21267: result: yes
configure:21267: checking nl_types.h presence
configure:21267: gcc -E  conftest.c
configure:21267: $? = 0
configure:21267: result: yes
configure:21267: checking for nl_types.h
configure:21267: result: yes
configure:21267: checking malloc.h usability
configure:21267: gcc -c   conftest.c >&5
configure:21267: $? = 0
configure:21267: result: yes
configure:21267: checking malloc.h presence
configure:21267: gcc -E  conftest.c
configure:21267: $? = 0
configure:21267: result: yes
configure:21267: checking for malloc.h
configure:21267: result: yes
configure:21267: checking stddef.h usability
configure:21267: gcc -c   conftest.c >&5
configure:21267: $? = 0
configure:21267: result: yes
configure:21267: checking stddef.h presence
configure:21267: gcc -E  conftest.c
configure:21267: $? = 0
configure:21267: result: yes
configure:21267: checking for stddef.h
configure:21267: result: yes
configure:21267: checking for stdlib.h
configure:21267: result: yes
configure:21267: checking for string.h
configure:21267: result: yes
configure:21267: checking for unistd.h
configure:21267: result: yes
configure:21267: checking for sys/param.h
configure:21267: result: yes
configure:21283: checking for asprintf
configure:21283: gcc -o conftest    conftest.c  >&5
configure:21283: $? = 0
configure:21283: result: yes
configure:21283: checking for fwprintf
configure:21283: gcc -o conftest    conftest.c  >&5
configure:21283: $? = 0
configure:21283: result: yes
configure:21283: checking for getcwd
configure:21283: gcc -o conftest    conftest.c  >&5
configure:21283: $? = 0
configure:21283: result: yes
configure:21283: checking for getegid
configure:21283: gcc -o conftest    conftest.c  >&5
configure:21283: $? = 0
configure:21283: result: yes
configure:21283: checking for geteuid
configure:21283: gcc -o conftest    conftest.c  >&5
configure:21283: $? = 0
configure:21283: result: yes
configure:21283: checking for getgid
configure:21283: gcc -o conftest    conftest.c  >&5
configure:21283: $? = 0
configure:21283: result: yes
configure:21283: checking for getuid
configure:21283: gcc -o conftest    conftest.c  >&5
configure:21283: $? = 0
configure:21283: result: yes
configure:21283: checking for mempcpy
configure:21283: gcc -o conftest    conftest.c  >&5
conftest.c:84:6: warning: conflicting types for built-in function 'mempcpy'
 char mempcpy ();
      ^
configure:21283: $? = 0
configure:21283: result: yes
configure:21283: checking for munmap
configure:21283: gcc -o conftest    conftest.c  >&5
configure:21283: $? = 0
configure:21283: result: yes
configure:21283: checking for putenv
configure:21283: gcc -o conftest    conftest.c  >&5
configure:21283: $? = 0
configure:21283: result: yes
configure:21283: checking for setenv
configure:21283: gcc -o conftest    conftest.c  >&5
configure:21283: $? = 0
configure:21283: result: yes
configure:21283: checking for setlocale
configure:21283: gcc -o conftest    conftest.c  >&5
configure:21283: $? = 0
configure:21283: result: yes
configure:21283: checking for snprintf
configure:21283: gcc -o conftest    conftest.c  >&5
conftest.c:89:6: warning: conflicting types for built-in function 'snprintf'
 char snprintf ();
      ^
configure:21283: $? = 0
configure:21283: result: yes
configure:21283: checking for stpcpy
configure:21283: gcc -o conftest    conftest.c  >&5
conftest.c:90:6: warning: conflicting types for built-in function 'stpcpy'
 char stpcpy ();
      ^
configure:21283: $? = 0
configure:21283: result: yes
configure:21283: checking for strcasecmp
configure:21283: gcc -o conftest    conftest.c  >&5
conftest.c:91:6: warning: conflicting types for built-in function 'strcasecmp'
 char strcasecmp ();
      ^
configure:21283: $? = 0
configure:21283: result: yes
configure:21283: checking for strdup
configure:21283: gcc -o conftest    conftest.c  >&5
conftest.c:92:6: warning: conflicting types for built-in function 'strdup'
 char strdup ();
      ^
configure:21283: $? = 0
configure:21283: result: yes
configure:21283: checking for strtoul
configure:21283: gcc -o conftest    conftest.c  >&5
configure:21283: $? = 0
configure:21283: result: yes
configure:21283: checking for tsearch
configure:21283: gcc -o conftest    conftest.c  >&5
configure:21283: $? = 0
configure:21283: result: yes
configure:21283: checking for wcslen
configure:21283: gcc -o conftest    conftest.c  >&5
configure:21283: $? = 0
configure:21283: result: yes
configure:21283: checking for __argz_count
configure:21283: gcc -o conftest    conftest.c  >&5
configure:21283: $? = 0
configure:21283: result: yes
configure:21283: checking for __argz_stringify
configure:21283: gcc -o conftest    conftest.c  >&5
configure:21283: $? = 0
configure:21283: result: yes
configure:21283: checking for __argz_next
configure:21283: gcc -o conftest    conftest.c  >&5
configure:21283: $? = 0
configure:21283: result: yes
configure:21283: checking for __fsetlocking
configure:21283: gcc -o conftest    conftest.c  >&5
configure:21283: $? = 0
configure:21283: result: yes
configure:21294: checking whether _snprintf is declared
configure:21314: gcc -c   conftest.c >&5
conftest.c: In function 'main':
conftest.c:83:22: error: '_snprintf' undeclared (first use in this function)
   char *p = (char *) _snprintf;
                      ^
conftest.c:83:22: note: each undeclared identifier is reported only once for each function it appears in
configure:21314: $? = 1
configure: failed program was:
| /* confdefs.h */
| #define PACKAGE_NAME ""
| #define PACKAGE_TARNAME ""
| #define PACKAGE_VERSION ""
| #define PACKAGE_STRING ""
| #define PACKAGE_BUGREPORT ""
| #define PACKAGE_URL ""
| #define PACKAGE "gtkperf"
| #define VERSION "0.40"
| #define STDC_HEADERS 1
| #define HAVE_SYS_TYPES_H 1
| #define HAVE_SYS_STAT_H 1
| #define HAVE_STDLIB_H 1
| #define HAVE_STRING_H 1
| #define HAVE_MEMORY_H 1
| #define HAVE_STRINGS_H 1
| #define HAVE_INTTYPES_H 1
| #define HAVE_STDINT_H 1
| #define HAVE_UNISTD_H 1
| #define HAVE_DLFCN_H 1
| #define GETTEXT_PACKAGE "gtkperf"
| #define HAVE_LONG_LONG 1
| #define HAVE_LONG_DOUBLE 1
| #define HAVE_WCHAR_T 1
| #define HAVE_WINT_T 1
| #define HAVE_INTTYPES_H_WITH_UINTMAX 1
| #define HAVE_STDINT_H_WITH_UINTMAX 1
| #define HAVE_INTMAX_T 1
| #define HAVE_POSIX_PRINTF 1
| #define HAVE_ALLOCA_H 1
| #define HAVE_ALLOCA 1
| #define HAVE_STDLIB_H 1
| #define HAVE_UNISTD_H 1
| #define HAVE_SYS_PARAM_H 1
| #define HAVE_GETPAGESIZE 1
| #define HAVE_MMAP 1
| #define INTDIV0_RAISES_SIGFPE 1
| #define HAVE_UNSIGNED_LONG_LONG 1
| #define HAVE_UINTMAX_T 1
| #define HAVE_INTTYPES_H 1
| #define HAVE_STDINT_H 1
| #define HAVE_STDINT_H 1
| #define HAVE_ARGZ_H 1
| #define HAVE_LIMITS_H 1
| #define HAVE_LOCALE_H 1
| #define HAVE_NL_TYPES_H 1
| #define HAVE_MALLOC_H 1
| #define HAVE_STDDEF_H 1
| #define HAVE_STDLIB_H 1
| #define HAVE_STRING_H 1
| #define HAVE_UNISTD_H 1
| #define HAVE_SYS_PARAM_H 1
| #define HAVE_ASPRINTF 1
| #define HAVE_FWPRINTF 1
| #define HAVE_GETCWD 1
| #define HAVE_GETEGID 1
| #define HAVE_GETEUID 1
| #define HAVE_GETGID 1
| #define HAVE_GETUID 1
| #define HAVE_MEMPCPY 1
| #define HAVE_MUNMAP 1
| #define HAVE_PUTENV 1
| #define HAVE_SETENV 1
| #define HAVE_SETLOCALE 1
| #define HAVE_SNPRINTF 1
| #define HAVE_STPCPY 1
| #define HAVE_STRCASECMP 1
| #define HAVE_STRDUP 1
| #define HAVE_STRTOUL 1
| #define HAVE_TSEARCH 1
| #define HAVE_WCSLEN 1
| #define HAVE___ARGZ_COUNT 1
| #define HAVE___ARGZ_STRINGIFY 1
| #define HAVE___ARGZ_NEXT 1
| #define HAVE___FSETLOCKING 1
| /* end confdefs.h.  */
| #include <stdio.h>
| int
| main ()
| {
| 
| #ifndef _snprintf
|   char *p = (char *) _snprintf;
| #endif
| 
|   ;
|   return 0;
| }
configure:21321: result: no
configure:21335: checking whether _snwprintf is declared
configure:21355: gcc -c   conftest.c >&5
conftest.c: In function 'main':
conftest.c:84:22: error: '_snwprintf' undeclared (first use in this function)
   char *p = (char *) _snwprintf;
                      ^
conftest.c:84:22: note: each undeclared identifier is reported only once for each function it appears in
configure:21355: $? = 1
configure: failed program was:
| /* confdefs.h */
| #define PACKAGE_NAME ""
| #define PACKAGE_TARNAME ""
| #define PACKAGE_VERSION ""
| #define PACKAGE_STRING ""
| #define PACKAGE_BUGREPORT ""
| #define PACKAGE_URL ""
| #define PACKAGE "gtkperf"
| #define VERSION "0.40"
| #define STDC_HEADERS 1
| #define HAVE_SYS_TYPES_H 1
| #define HAVE_SYS_STAT_H 1
| #define HAVE_STDLIB_H 1
| #define HAVE_STRING_H 1
| #define HAVE_MEMORY_H 1
| #define HAVE_STRINGS_H 1
| #define HAVE_INTTYPES_H 1
| #define HAVE_STDINT_H 1
| #define HAVE_UNISTD_H 1
| #define HAVE_DLFCN_H 1
| #define GETTEXT_PACKAGE "gtkperf"
| #define HAVE_LONG_LONG 1
| #define HAVE_LONG_DOUBLE 1
| #define HAVE_WCHAR_T 1
| #define HAVE_WINT_T 1
| #define HAVE_INTTYPES_H_WITH_UINTMAX 1
| #define HAVE_STDINT_H_WITH_UINTMAX 1
| #define HAVE_INTMAX_T 1
| #define HAVE_POSIX_PRINTF 1
| #define HAVE_ALLOCA_H 1
| #define HAVE_ALLOCA 1
| #define HAVE_STDLIB_H 1
| #define HAVE_UNISTD_H 1
| #define HAVE_SYS_PARAM_H 1
| #define HAVE_GETPAGESIZE 1
| #define HAVE_MMAP 1
| #define INTDIV0_RAISES_SIGFPE 1
| #define HAVE_UNSIGNED_LONG_LONG 1
| #define HAVE_UINTMAX_T 1
| #define HAVE_INTTYPES_H 1
| #define HAVE_STDINT_H 1
| #define HAVE_STDINT_H 1
| #define HAVE_ARGZ_H 1
| #define HAVE_LIMITS_H 1
| #define HAVE_LOCALE_H 1
| #define HAVE_NL_TYPES_H 1
| #define HAVE_MALLOC_H 1
| #define HAVE_STDDEF_H 1
| #define HAVE_STDLIB_H 1
| #define HAVE_STRING_H 1
| #define HAVE_UNISTD_H 1
| #define HAVE_SYS_PARAM_H 1
| #define HAVE_ASPRINTF 1
| #define HAVE_FWPRINTF 1
| #define HAVE_GETCWD 1
| #define HAVE_GETEGID 1
| #define HAVE_GETEUID 1
| #define HAVE_GETGID 1
| #define HAVE_GETUID 1
| #define HAVE_MEMPCPY 1
| #define HAVE_MUNMAP 1
| #define HAVE_PUTENV 1
| #define HAVE_SETENV 1
| #define HAVE_SETLOCALE 1
| #define HAVE_SNPRINTF 1
| #define HAVE_STPCPY 1
| #define HAVE_STRCASECMP 1
| #define HAVE_STRDUP 1
| #define HAVE_STRTOUL 1
| #define HAVE_TSEARCH 1
| #define HAVE_WCSLEN 1
| #define HAVE___ARGZ_COUNT 1
| #define HAVE___ARGZ_STRINGIFY 1
| #define HAVE___ARGZ_NEXT 1
| #define HAVE___FSETLOCKING 1
| #define HAVE_DECL__SNPRINTF 0
| /* end confdefs.h.  */
| #include <stdio.h>
| int
| main ()
| {
| 
| #ifndef _snwprintf
|   char *p = (char *) _snwprintf;
| #endif
| 
|   ;
|   return 0;
| }
configure:21362: result: no
configure:21377: checking whether feof_unlocked is declared
configure:21397: gcc -c   conftest.c >&5
configure:21397: $? = 0
configure:21404: result: yes
configure:21418: checking whether fgets_unlocked is declared
configure:21438: gcc -c   conftest.c >&5
conftest.c: In function 'main':
conftest.c:86:22: error: 'fgets_unlocked' undeclared (first use in this function)
   char *p = (char *) fgets_unlocked;
                      ^
conftest.c:86:22: note: each undeclared identifier is reported only once for each function it appears in
configure:21438: $? = 1
configure: failed program was:
| /* confdefs.h */
| #define PACKAGE_NAME ""
| #define PACKAGE_TARNAME ""
| #define PACKAGE_VERSION ""
| #define PACKAGE_STRING ""
| #define PACKAGE_BUGREPORT ""
| #define PACKAGE_URL ""
| #define PACKAGE "gtkperf"
| #define VERSION "0.40"
| #define STDC_HEADERS 1
| #define HAVE_SYS_TYPES_H 1
| #define HAVE_SYS_STAT_H 1
| #define HAVE_STDLIB_H 1
| #define HAVE_STRING_H 1
| #define HAVE_MEMORY_H 1
| #define HAVE_STRINGS_H 1
| #define HAVE_INTTYPES_H 1
| #define HAVE_STDINT_H 1
| #define HAVE_UNISTD_H 1
| #define HAVE_DLFCN_H 1
| #define GETTEXT_PACKAGE "gtkperf"
| #define HAVE_LONG_LONG 1
| #define HAVE_LONG_DOUBLE 1
| #define HAVE_WCHAR_T 1
| #define HAVE_WINT_T 1
| #define HAVE_INTTYPES_H_WITH_UINTMAX 1
| #define HAVE_STDINT_H_WITH_UINTMAX 1
| #define HAVE_INTMAX_T 1
| #define HAVE_POSIX_PRINTF 1
| #define HAVE_ALLOCA_H 1
| #define HAVE_ALLOCA 1
| #define HAVE_STDLIB_H 1
| #define HAVE_UNISTD_H 1
| #define HAVE_SYS_PARAM_H 1
| #define HAVE_GETPAGESIZE 1
| #define HAVE_MMAP 1
| #define INTDIV0_RAISES_SIGFPE 1
| #define HAVE_UNSIGNED_LONG_LONG 1
| #define HAVE_UINTMAX_T 1
| #define HAVE_INTTYPES_H 1
| #define HAVE_STDINT_H 1
| #define HAVE_STDINT_H 1
| #define HAVE_ARGZ_H 1
| #define HAVE_LIMITS_H 1
| #define HAVE_LOCALE_H 1
| #define HAVE_NL_TYPES_H 1
| #define HAVE_MALLOC_H 1
| #define HAVE_STDDEF_H 1
| #define HAVE_STDLIB_H 1
| #define HAVE_STRING_H 1
| #define HAVE_UNISTD_H 1
| #define HAVE_SYS_PARAM_H 1
| #define HAVE_ASPRINTF 1
| #define HAVE_FWPRINTF 1
| #define HAVE_GETCWD 1
| #define HAVE_GETEGID 1
| #define HAVE_GETEUID 1
| #define HAVE_GETGID 1
| #define HAVE_GETUID 1
| #define HAVE_MEMPCPY 1
| #define HAVE_MUNMAP 1
| #define HAVE_PUTENV 1
| #define HAVE_SETENV 1
| #define HAVE_SETLOCALE 1
| #define HAVE_SNPRINTF 1
| #define HAVE_STPCPY 1
| #define HAVE_STRCASECMP 1
| #define HAVE_STRDUP 1
| #define HAVE_STRTOUL 1
| #define HAVE_TSEARCH 1
| #define HAVE_WCSLEN 1
| #define HAVE___ARGZ_COUNT 1
| #define HAVE___ARGZ_STRINGIFY 1
| #define HAVE___ARGZ_NEXT 1
| #define HAVE___FSETLOCKING 1
| #define HAVE_DECL__SNPRINTF 0
| #define HAVE_DECL__SNWPRINTF 0
| #define HAVE_DECL_FEOF_UNLOCKED 1
| /* end confdefs.h.  */
| #include <stdio.h>
| int
| main ()
| {
| 
| #ifndef fgets_unlocked
|   char *p = (char *) fgets_unlocked;
| #endif
| 
|   ;
|   return 0;
| }
configure:21445: result: no
configure:21459: checking whether getc_unlocked is declared
configure:21479: gcc -c   conftest.c >&5
configure:21479: $? = 0
configure:21486: result: yes
configure:21554: checking for iconv
configure:21576: gcc -o conftest    conftest.c  >&5
configure:21576: $? = 0
configure:21608: result: yes
configure:21629: checking for iconv declaration
configure:21658: gcc -c   conftest.c >&5
configure:21658: $? = 0
configure:21669: result: 
         extern size_t iconv (iconv_t cd, char * *inbuf, size_t *inbytesleft, char * *outbuf, size_t *outbytesleft);
configure:21680: checking for nl_langinfo and CODESET
configure:21696: gcc -o conftest    conftest.c  >&5
configure:21696: $? = 0
configure:21705: result: yes
configure:21715: checking for LC_MESSAGES
configure:21731: gcc -o conftest    conftest.c  >&5
configure:21731: $? = 0
configure:21739: result: yes
configure:21753: checking for bison
configure:21769: found /usr/bin/bison
configure:21780: result: bison
configure:21794: checking version of bison
configure:21803: result: 3.0.2, ok
configure:21825: checking whether NLS is requested
configure:21834: result: yes
configure:21850: checking whether included gettext is requested
configure:21860: result: no
configure:21871: checking for GNU gettext in libc
configure:21890: gcc -o conftest    conftest.c  >&5
conftest.c: In function 'main':
conftest.c:93:8: warning: cast from pointer to integer of different size [-Wpointer-to-int-cast]
 return (int) gettext ("") + _nl_msg_cat_cntr + *_nl_domain_bindings
        ^
configure:21890: $? = 0
configure:21898: result: yes
configure:22392: checking whether to use NLS
configure:22394: result: yes
configure:22397: checking where the gettext function comes from
configure:22408: result: libc
configure:22689: creating ./config.status

## ---------------- ##
## Cache variables. ##
## ---------------- ##

ac_cv_build=mips64el-unknown-linux-gnu
ac_cv_c_compiler_gnu=yes
ac_cv_c_const=yes
ac_cv_c_inline=inline
ac_cv_cxx_compiler_gnu=yes
ac_cv_env_CCC_set=
ac_cv_env_CCC_value=
ac_cv_env_CC_set=
ac_cv_env_CC_value=
ac_cv_env_CFLAGS_set=
ac_cv_env_CFLAGS_value=
ac_cv_env_CPPFLAGS_set=
ac_cv_env_CPPFLAGS_value=
ac_cv_env_CPP_set=
ac_cv_env_CPP_value=
ac_cv_env_CXXCPP_set=
ac_cv_env_CXXCPP_value=
ac_cv_env_CXXFLAGS_set=
ac_cv_env_CXXFLAGS_value=
ac_cv_env_CXX_set=
ac_cv_env_CXX_value=
ac_cv_env_F77_set=
ac_cv_env_F77_value=
ac_cv_env_FFLAGS_set=
ac_cv_env_FFLAGS_value=
ac_cv_env_LDFLAGS_set=
ac_cv_env_LDFLAGS_value=
ac_cv_env_LIBS_set=
ac_cv_env_LIBS_value=
ac_cv_env_build_alias_set=
ac_cv_env_build_alias_value=
ac_cv_env_host_alias_set=
ac_cv_env_host_alias_value=
ac_cv_env_target_alias_set=
ac_cv_env_target_alias_value=
ac_cv_f77_compiler_gnu=no
ac_cv_func___argz_count=yes
ac_cv_func___argz_next=yes
ac_cv_func___argz_stringify=yes
ac_cv_func___fsetlocking=yes
ac_cv_func_alloca_works=yes
ac_cv_func_asprintf=yes
ac_cv_func_fwprintf=yes
ac_cv_func_getcwd=yes
ac_cv_func_getegid=yes
ac_cv_func_geteuid=yes
ac_cv_func_getgid=yes
ac_cv_func_getpagesize=yes
ac_cv_func_getuid=yes
ac_cv_func_mempcpy=yes
ac_cv_func_mmap_fixed_mapped=yes
ac_cv_func_munmap=yes
ac_cv_func_putenv=yes
ac_cv_func_setenv=yes
ac_cv_func_setlocale=yes
ac_cv_func_snprintf=yes
ac_cv_func_stpcpy=yes
ac_cv_func_strcasecmp=yes
ac_cv_func_strdup=yes
ac_cv_func_strtoul=yes
ac_cv_func_tsearch=yes
ac_cv_func_wcslen=yes
ac_cv_gnu_library_2_1=yes
ac_cv_have_decl__snprintf=no
ac_cv_have_decl__snwprintf=no
ac_cv_have_decl_feof_unlocked=yes
ac_cv_have_decl_fgets_unlocked=no
ac_cv_have_decl_getc_unlocked=yes
ac_cv_header_argz_h=yes
ac_cv_header_dlfcn_h=yes
ac_cv_header_inttypes_h=yes
ac_cv_header_limits_h=yes
ac_cv_header_locale_h=yes
ac_cv_header_malloc_h=yes
ac_cv_header_memory_h=yes
ac_cv_header_nl_types_h=yes
ac_cv_header_stdc=yes
ac_cv_header_stddef_h=yes
ac_cv_header_stdint_h=yes
ac_cv_header_stdlib_h=yes
ac_cv_header_string_h=yes
ac_cv_header_strings_h=yes
ac_cv_header_sys_param_h=yes
ac_cv_header_sys_stat_h=yes
ac_cv_header_sys_types_h=yes
ac_cv_header_unistd_h=yes
ac_cv_host=mips64el-unknown-linux-gnu
ac_cv_lib_cposix_strerror=no
ac_cv_objext=o
ac_cv_path_EGREP='/usr/bin/grep -E'
ac_cv_path_GMSGFMT=/usr/bin/msgfmt
ac_cv_path_GREP=/usr/bin/grep
ac_cv_path_MSGFMT=/usr/bin/msgfmt
ac_cv_path_MSGMERGE=/usr/bin/msgmerge
ac_cv_path_PKG_CONFIG=/usr/bin/pkg-config
ac_cv_path_XGETTEXT=/usr/bin/xgettext
ac_cv_path_install='/usr/bin/install -c'
ac_cv_prog_CPP='gcc -E'
ac_cv_prog_CXXCPP='g++ -E'
ac_cv_prog_INTLBISON=bison
ac_cv_prog_ac_ct_AR=ar
ac_cv_prog_ac_ct_CC=gcc
ac_cv_prog_ac_ct_CXX=g++
ac_cv_prog_ac_ct_RANLIB=ranlib
ac_cv_prog_ac_ct_STRIP=strip
ac_cv_prog_cc_c89=
ac_cv_prog_cc_g=yes
ac_cv_prog_cxx_g=yes
ac_cv_prog_f77_g=no
ac_cv_prog_make_make_set=yes
ac_cv_type_long_long=yes
ac_cv_type_off_t=yes
ac_cv_type_ptrdiff_t=yes
ac_cv_type_size_t=yes
ac_cv_type_unsigned_long_long=yes
ac_cv_working_alloca_h=yes
acl_cv_path_LD=/usr/bin/ld
acl_cv_prog_gnu_ld=yes
acl_cv_rpath=done
am_cv_func_iconv=yes
am_cv_langinfo_codeset=yes
am_cv_lib_iconv=no
am_cv_prog_cc_stdc=
am_cv_proto_iconv='extern size_t iconv (iconv_t cd, char * *inbuf, size_t *inbytesleft, char * *outbuf, size_t *outbytesleft);'
am_cv_proto_iconv_arg1=
am_cv_val_LC_MESSAGES=yes
bh_cv_c_signed=yes
gt_cv_c_intmax_t=yes
gt_cv_c_long_double=yes
gt_cv_c_wchar_t=yes
gt_cv_c_wint_t=yes
gt_cv_func_gnugettext1_libc=yes
gt_cv_func_printf_posix=yes
gt_cv_header_inttypes_h=yes
gt_cv_int_divbyzero_sigfpe=yes
gt_cv_inttypes_pri_broken=no
jm_ac_cv_header_inttypes_h=yes
jm_ac_cv_header_stdint_h=yes
lt_cv_deplibs_check_method=pass_all
lt_cv_file_magic_cmd='$MAGIC_CMD'
lt_cv_file_magic_test_file=
lt_cv_ld_reload_flag=-r
lt_cv_objdir=.libs
lt_cv_path_LD=/usr/bin/ld
lt_cv_path_LDCXX=/usr/bin/ld
lt_cv_path_NM='/usr/bin/nm -B'
lt_cv_path_SED=/usr/bin/sed
lt_cv_prog_compiler_c_o=yes
lt_cv_prog_compiler_c_o_CXX=yes
lt_cv_prog_compiler_rtti_exceptions=no
lt_cv_prog_gnu_ld=yes
lt_cv_prog_gnu_ldcxx=yes
lt_cv_sys_global_symbol_pipe='sed -n -e '\''s/^.*[ 	]\([ABCDGIRSTW][ABCDGIRSTW]*\)[ 	][ 	]*\(\)\([_A-Za-z][_A-Za-z0-9]*\)$/\1 \2\3 \3/p'\'''
lt_cv_sys_global_symbol_to_c_name_address='sed -n -e '\''s/^: \([^ ]*\) $/  {\"\1\", (lt_ptr) 0},/p'\'' -e '\''s/^[BCDEGRST] \([^ ]*\) \([^ ]*\)$/  {"\2", (lt_ptr) \&\2},/p'\'''
lt_cv_sys_global_symbol_to_cdecl='sed -n -e '\''s/^. .* \(.*\)$/extern int \1;/p'\'''
lt_cv_sys_max_cmd_len=131072
lt_lt_cv_prog_compiler_c_o='"yes"'
lt_lt_cv_prog_compiler_c_o_CXX='"yes"'
lt_lt_cv_sys_global_symbol_pipe='"sed -n -e '\''s/^.*[ 	]\\([ABCDGIRSTW][ABCDGIRSTW]*\\)[ 	][ 	]*\\(\\)\\([_A-Za-z][_A-Za-z0-9]*\\)\$/\\1 \\2\\3 \\3/p'\''"'
lt_lt_cv_sys_global_symbol_to_c_name_address='"sed -n -e '\''s/^: \\([^ ]*\\) \$/  {\\\"\\1\\\", (lt_ptr) 0},/p'\'' -e '\''s/^[BCDEGRST] \\([^ ]*\\) \\([^ ]*\\)\$/  {\"\\2\", (lt_ptr) \\&\\2},/p'\''"'
lt_lt_cv_sys_global_symbol_to_cdecl='"sed -n -e '\''s/^. .* \\(.*\\)\$/extern int \\1;/p'\''"'
nls_cv_force_use_gnu_gettext=no
nls_cv_header_intl=
nls_cv_header_libgt=
nls_cv_use_gnu_gettext=no

## ----------------- ##
## Output variables. ##
## ----------------- ##

ACLOCAL='/home/jiangbiao/gtkperf-for-gtk3/missing aclocal-1.4'
ALLOCA=''
AR='ar'
AUTOCONF='autoconf'
AUTOHEADER='autoheader'
AUTOMAKE='/home/jiangbiao/gtkperf-for-gtk3/missing automake-1.4'
BUILD_INCLUDED_LIBINTL='no'
CATOBJEXT='.gmo'
CC='gcc'
CFLAGS=''
CPP='gcc -E'
CPPFLAGS=''
CXX='g++'
CXXCPP='g++ -E'
CXXFLAGS='-g -O2'
DATADIRNAME='share'
DEFS='-DHAVE_CONFIG_H'
ECHO='echo'
ECHO_C=''
ECHO_N='-n'
ECHO_T=''
EGREP='/usr/bin/grep -E'
EXEEXT=''
F77=''
FFLAGS=''
GENCAT='gencat'
GETTEXT_PACKAGE='gtkperf'
GLIBC21='yes'
GMSGFMT='/usr/bin/msgfmt'
GREP='/usr/bin/grep'
GTK_CFLAGS='-pthread -I/usr/include/gtk-3.0 -I/usr/include/at-spi2-atk/2.0 -I/usr/include/at-spi-2.0 -I/usr/include/dbus-1.0 -I/usr/lib64/dbus-1.0/include -I/usr/include/atk-1.0 -I/usr/include/gtk-3.0 -I/usr/include/gio-unix-2.0/ -I/usr/include/cairo -I/usr/include/pango-1.0 -I/usr/include/harfbuzz -I/usr/include/pango-1.0 -I/usr/include/gdk-pixbuf-2.0 -I/usr/include/libpng16 -I/usr/include/cairo -I/usr/include/pixman-1 -I/usr/include/freetype2 -I/usr/include/libpng16 -I/usr/include/freetype2 -I/usr/include/libdrm -I/usr/include/libpng16 -I/usr/include/glib-2.0 -I/usr/lib64/glib-2.0/include '
GTK_LIBS='-lgtk-3 -latk-1.0 -lgio-2.0 -lgdk-3 -lpangocairo-1.0 -lpango-1.0 -lgdk_pixbuf-2.0 -lcairo-gobject -lcairo -lgobject-2.0 -lglib-2.0 '
HAVE_ASPRINTF='1'
HAVE_POSIX_PRINTF='1'
HAVE_SNPRINTF='1'
HAVE_WPRINTF='0'
INSTALL_DATA='${INSTALL} -m 644'
INSTALL_PROGRAM='${INSTALL}'
INSTALL_SCRIPT='${INSTALL}'
INSTOBJEXT='.mo'
INTLBISON='bison'
INTLLIBS=''
INTLOBJS=''
INTL_LIBTOOL_SUFFIX_PREFIX=''
LDFLAGS=''
LIBICONV=''
LIBINTL=''
LIBOBJS=''
LIBS=''
LIBTOOL='$(SHELL) $(top_builddir)/libtool'
LN_S='ln -s'
LTLIBICONV=''
LTLIBINTL=''
LTLIBOBJS=''
MAKEINFO='/home/jiangbiao/gtkperf-for-gtk3/missing makeinfo'
MKINSTALLDIRS='$(top_builddir)/./mkinstalldirs'
MSGFMT='/usr/bin/msgfmt'
MSGMERGE='/usr/bin/msgmerge'
NO_PREFIX_PACKAGE_DATA_DIR='share'
NO_PREFIX_PACKAGE_DOC_DIR='doc/gtkperf'
NO_PREFIX_PACKAGE_HELP_DIR='share/help'
NO_PREFIX_PACKAGE_MENU_DIR='share'
NO_PREFIX_PACKAGE_PIXMAPS_DIR='share/pixmaps'
OBJEXT='o'
PACKAGE='gtkperf'
PACKAGE_BUGREPORT=''
PACKAGE_DATA_DIR='/usr/local/share'
PACKAGE_DOC_DIR='/usr/local/doc/gtkperf'
PACKAGE_HELP_DIR='/usr/local/share/help'
PACKAGE_MENU_DIR='/usr/local/share'
PACKAGE_NAME=''
PACKAGE_PIXMAPS_DIR='/usr/local/share/pixmaps'
PACKAGE_STRING=''
PACKAGE_TARNAME=''
PACKAGE_URL=''
PACKAGE_VERSION=''
PATH_SEPARATOR=':'
PKG_CONFIG='/usr/bin/pkg-config'
POSUB='po'
RANLIB='ranlib'
SET_MAKE=''
SHELL='/bin/sh'
STRIP='strip'
USE_INCLUDED_LIBINTL='no'
USE_NLS='yes'
VERSION='0.40'
XGETTEXT='/usr/bin/xgettext'
ac_ct_CC='gcc'
ac_ct_CXX='g++'
ac_ct_F77=''
bindir='${exec_prefix}/bin'
build='mips64el-unknown-linux-gnu'
build_alias=''
build_cpu='mips64el'
build_os='linux-gnu'
build_vendor='unknown'
datadir='${datarootdir}'
datarootdir='${prefix}/share'
docdir='${datarootdir}/doc/${PACKAGE}'
dvidir='${docdir}'
exec_prefix='${prefix}'
host='mips64el-unknown-linux-gnu'
host_alias=''
host_cpu='mips64el'
host_os='linux-gnu'
host_vendor='unknown'
htmldir='${docdir}'
includedir='${prefix}/include'
infodir='${datarootdir}/info'
libdir='${exec_prefix}/lib'
libexecdir='${exec_prefix}/libexec'
localedir='${datarootdir}/locale'
localstatedir='${prefix}/var'
mandir='${datarootdir}/man'
oldincludedir='/usr/include'
pdfdir='${docdir}'
prefix='/usr/local'
program_transform_name='s,x,x,'
psdir='${docdir}'
sbindir='${exec_prefix}/sbin'
sharedstatedir='${prefix}/com'
sysconfdir='${prefix}/etc'
target_alias=''

## ----------- ##
## confdefs.h. ##
## ----------- ##

/* confdefs.h */
#define PACKAGE_NAME ""
#define PACKAGE_TARNAME ""
#define PACKAGE_VERSION ""
#define PACKAGE_STRING ""
#define PACKAGE_BUGREPORT ""
#define PACKAGE_URL ""
#define PACKAGE "gtkperf"
#define VERSION "0.40"
#define STDC_HEADERS 1
#define HAVE_SYS_TYPES_H 1
#define HAVE_SYS_STAT_H 1
#define HAVE_STDLIB_H 1
#define HAVE_STRING_H 1
#define HAVE_MEMORY_H 1
#define HAVE_STRINGS_H 1
#define HAVE_INTTYPES_H 1
#define HAVE_STDINT_H 1
#define HAVE_UNISTD_H 1
#define HAVE_DLFCN_H 1
#define GETTEXT_PACKAGE "gtkperf"
#define HAVE_LONG_LONG 1
#define HAVE_LONG_DOUBLE 1
#define HAVE_WCHAR_T 1
#define HAVE_WINT_T 1
#define HAVE_INTTYPES_H_WITH_UINTMAX 1
#define HAVE_STDINT_H_WITH_UINTMAX 1
#define HAVE_INTMAX_T 1
#define HAVE_POSIX_PRINTF 1
#define HAVE_ALLOCA_H 1
#define HAVE_ALLOCA 1
#define HAVE_STDLIB_H 1
#define HAVE_UNISTD_H 1
#define HAVE_SYS_PARAM_H 1
#define HAVE_GETPAGESIZE 1
#define HAVE_MMAP 1
#define INTDIV0_RAISES_SIGFPE 1
#define HAVE_UNSIGNED_LONG_LONG 1
#define HAVE_UINTMAX_T 1
#define HAVE_INTTYPES_H 1
#define HAVE_STDINT_H 1
#define HAVE_STDINT_H 1
#define HAVE_ARGZ_H 1
#define HAVE_LIMITS_H 1
#define HAVE_LOCALE_H 1
#define HAVE_NL_TYPES_H 1
#define HAVE_MALLOC_H 1
#define HAVE_STDDEF_H 1
#define HAVE_STDLIB_H 1
#define HAVE_STRING_H 1
#define HAVE_UNISTD_H 1
#define HAVE_SYS_PARAM_H 1
#define HAVE_ASPRINTF 1
#define HAVE_FWPRINTF 1
#define HAVE_GETCWD 1
#define HAVE_GETEGID 1
#define HAVE_GETEUID 1
#define HAVE_GETGID 1
#define HAVE_GETUID 1
#define HAVE_MEMPCPY 1
#define HAVE_MUNMAP 1
#define HAVE_PUTENV 1
#define HAVE_SETENV 1
#define HAVE_SETLOCALE 1
#define HAVE_SNPRINTF 1
#define HAVE_STPCPY 1
#define HAVE_STRCASECMP 1
#define HAVE_STRDUP 1
#define HAVE_STRTOUL 1
#define HAVE_TSEARCH 1
#define HAVE_WCSLEN 1
#define HAVE___ARGZ_COUNT 1
#define HAVE___ARGZ_STRINGIFY 1
#define HAVE___ARGZ_NEXT 1
#define HAVE___FSETLOCKING 1
#define HAVE_DECL__SNPRINTF 0
#define HAVE_DECL__SNWPRINTF 0
#define HAVE_DECL_FEOF_UNLOCKED 1
#define HAVE_DECL_FGETS_UNLOCKED 0
#define HAVE_DECL_GETC_UNLOCKED 1
#define HAVE_ICONV 1
#define ICONV_CONST 
#define HAVE_LANGINFO_CODESET 1
#define HAVE_LC_MESSAGES 1
#define ENABLE_NLS 1
#define HAVE_GETTEXT 1
#define HAVE_DCGETTEXT 1
#define PACKAGE_LOCALE_DIR "/usr/local/share/locale"
#define PACKAGE_DATA_DIR "/usr/local/share"
#define PACKAGE_DOC_DIR "/usr/local/doc/gtkperf"
#define PACKAGE_PIXMAPS_DIR "/usr/local/share/pixmaps"
#define PACKAGE_HELP_DIR "/usr/local/share/help"
#define PACKAGE_MENU_DIR "/usr/local/share"
#define PACKAGE_SOURCE_DIR "/home/jiangbiao/gtkperf-for-gtk3"

configure: exit 0

## ---------------------- ##
## Running config.status. ##
## ---------------------- ##

This file was extended by config.status, which was
generated by GNU Autoconf 2.69.  Invocation command line was

  CONFIG_FILES    = Makefile
  CONFIG_HEADERS  = 
  CONFIG_LINKS    = 
  CONFIG_COMMANDS = 
  $ ./config.status 

on loongson

config.status:975: creating Makefile
config.status:1078: WARNING:  'Makefile.in' seems to ignore the --datarootdir setting
config.status:1164: executing default-1 commands
config.status:1164: executing default-2 commands

## ---------------------- ##
## Running config.status. ##
## ---------------------- ##

This file was extended by config.status, which was
generated by GNU Autoconf 2.69.  Invocation command line was

  CONFIG_FILES    = pixmaps/Makefile
  CONFIG_HEADERS  = 
  CONFIG_LINKS    = 
  CONFIG_COMMANDS = 
  $ ./config.status 

on loongson

config.status:975: creating pixmaps/Makefile
config.status:1078: WARNING:  'pixmaps/Makefile.in' seems to ignore the --datarootdir setting
config.status:1164: executing default-1 commands
config.status:1164: executing default-2 commands

## ---------------------- ##
## Running config.status. ##
## ---------------------- ##

This file was extended by config.status, which was
generated by GNU Autoconf 2.69.  Invocation command line was

  CONFIG_FILES    = src/Makefile
  CONFIG_HEADERS  = 
  CONFIG_LINKS    = 
  CONFIG_COMMANDS = 
  $ ./config.status 

on loongson

config.status:975: creating src/Makefile
config.status:1078: WARNING:  'src/Makefile.in' seems to ignore the --datarootdir setting
config.status:1164: executing default-1 commands
config.status:1164: executing default-2 commands

## ---------------------- ##
## Running config.status. ##
## ---------------------- ##

This file was extended by config.status, which was
generated by GNU Autoconf 2.69.  Invocation command line was

  CONFIG_FILES    = po/Makefile.in
  CONFIG_HEADERS  = 
  CONFIG_LINKS    = 
  CONFIG_COMMANDS = 
  $ ./config.status 

on loongson

config.status:975: creating po/Makefile.in
config.status:1078: WARNING:  'po/Makefile.in.in' seems to ignore the --datarootdir setting
config.status:1164: executing default-1 commands
config.status:1164: executing default-2 commands

## ---------------------- ##
## Running config.status. ##
## ---------------------- ##

This file was extended by config.status, which was
generated by GNU Autoconf 2.69.  Invocation command line was

  CONFIG_FILES    = intl/Makefile
  CONFIG_HEADERS  = 
  CONFIG_LINKS    = 
  CONFIG_COMMANDS = 
  $ ./config.status 

on loongson

config.status:975: creating intl/Makefile
config.status:1078: WARNING:  'intl/Makefile.in' seems to ignore the --datarootdir setting
config.status:1164: executing default-1 commands
config.status:1164: executing default-2 commands
